TN:
SF:/home/solarw/MyData/work/hyperion/netcom/protocols/xstream/src/behaviour.rs
FN:53,XStreamNetworkBehaviour::new
FN:110,XStreamNetworkBehaviour::start_pending_streams_manager
FN:124,XStreamNetworkBehaviour::handle_pending_streams_message
FN:228,XStreamNetworkBehaviour::request_open_stream
FN:250,XStreamNetworkBehaviour::open_stream
FN:261,XStreamNetworkBehaviour::notify_stream_closed
FN:303,<impl NetworkBehaviour for XStreamNetworkBehaviour>::handle_established_inbound_connection
FN:318,<impl NetworkBehaviour for XStreamNetworkBehaviour>::handle_established_outbound_connection
FN:334,<impl NetworkBehaviour for XStreamNetworkBehaviour>::on_swarm_event
FN:336,<impl NetworkBehaviour for XStreamNetworkBehaviour>::on_connection_handler_event
FN:431,<impl NetworkBehaviour for XStreamNetworkBehaviour>::poll
FNF:11
FNDA:2,XStreamNetworkBehaviour::new
FNDA:2,XStreamNetworkBehaviour::start_pending_streams_manager
FNDA:3,XStreamNetworkBehaviour::handle_pending_streams_message
FNDA:1,XStreamNetworkBehaviour::request_open_stream
FNDA:1,XStreamNetworkBehaviour::open_stream
FNDA:2,XStreamNetworkBehaviour::notify_stream_closed
FNDA:1,<impl NetworkBehaviour for XStreamNetworkBehaviour>::handle_established_inbound_connection
FNDA:2,<impl NetworkBehaviour for XStreamNetworkBehaviour>::handle_established_outbound_connection
FNDA:4,<impl NetworkBehaviour for XStreamNetworkBehaviour>::on_swarm_event
FNDA:2,<impl NetworkBehaviour for XStreamNetworkBehaviour>::on_connection_handler_event
FNDA:1,<impl NetworkBehaviour for XStreamNetworkBehaviour>::poll
DA:53,2
DA:55,2
DA:58,4
DA:61,4
DA:62,4
DA:63,4
DA:65,6
DA:66,3
DA:68,6
DA:69,2
DA:76,2
DA:80,1
DA:81,1
DA:85,2
DA:89,2
DA:90,2
DA:91,2
DA:96,2
DA:100,2
DA:104,2
DA:106,2
DA:110,2
DA:111,2
DA:115,7
DA:116,4
DA:119,2
DA:124,3
DA:125,2
DA:126,3
DA:127,5
DA:130,2
DA:131,3
DA:134,5
DA:135,4
DA:141,3
DA:142,2
DA:143,3
DA:144,2
DA:145,3
DA:146,2
DA:150,10
DA:151,4
DA:152,1
DA:153,4
DA:157,10
DA:159,10
DA:163,5
DA:164,5
DA:170,0
DA:171,0
DA:172,0
DA:173,0
DA:180,0
DA:181,0
DA:182,0
DA:183,0
DA:189,0
DA:190,0
DA:197,0
DA:198,0
DA:199,0
DA:200,0
DA:203,0
DA:209,0
DA:216,0
DA:219,0
DA:228,1
DA:229,1
DA:230,1
DA:238,2
DA:250,1
DA:256,2
DA:257,1
DA:261,2
DA:262,2
DA:264,1
DA:265,2
DA:268,1
DA:303,1
DA:310,2
DA:312,5
DA:314,3
DA:315,2
DA:318,2
DA:326,2
DA:328,3
DA:330,2
DA:331,2
DA:334,4
DA:336,2
DA:345,2
DA:346,3
DA:347,2
DA:348,1
DA:350,3
DA:351,3
DA:356,2
DA:359,0
DA:362,4
DA:367,1
DA:369,4
DA:371,1
DA:380,0
DA:383,0
DA:385,0
DA:386,0
DA:391,0
DA:394,0
DA:397,0
DA:398,0
DA:400,0
DA:401,0
DA:405,0
DA:431,1
DA:435,3
DA:438,4
DA:439,2
DA:440,5
DA:441,2
DA:444,3
DA:445,5
DA:449,0
DA:453,4
DA:458,4
DA:459,1
DA:460,2
DA:461,2
DA:464,2
DA:465,0
DA:467,1
DA:472,2
DA:473,1
DA:476,0
DA:480,4
DA:485,2
DA:486,2
DA:487,1
DA:490,4
DA:491,3
LF:139
LH:106
end_of_record
TN:
SF:/home/solarw/MyData/work/hyperion/netcom/protocols/xstream/src/error_handling.rs
FN:36,ErrorDataStore::new
FN:55,ErrorDataStore::wait_for_error
FN:86,ErrorDataStore::store_error
FN:119,ErrorDataStore::has_error
FN:125,ErrorDataStore::get_cached_error
FN:133,ErrorDataStore::close
FN:148,ErrorDataStore::is_closed
FN:154,ErrorDataStore::clear_cache
FN:167,<impl Default for ErrorDataStore>::default
FN:202,ErrorReaderTask::start
FN:273,ErrorReaderTask::read_error_from_stream
FN:313,ErrorReaderTask::stream_id
FN:318,ErrorReaderTask::is_running
FN:324,ErrorReaderTask::is_finished
FN:334,ErrorReaderTask::shutdown
FN:375,ErrorReaderTask::abort
FN:389,<impl Drop for ErrorReaderTask>::drop
FN:409,<impl Debug for ErrorReaderTask>::fmt
FNF:18
FNDA:2,ErrorDataStore::new
FNDA:8,ErrorDataStore::wait_for_error
FNDA:12,ErrorDataStore::store_error
FNDA:5,ErrorDataStore::has_error
FNDA:8,ErrorDataStore::get_cached_error
FNDA:4,ErrorDataStore::close
FNDA:6,ErrorDataStore::is_closed
FNDA:4,ErrorDataStore::clear_cache
FNDA:1,<impl Default for ErrorDataStore>::default
FNDA:3,ErrorReaderTask::start
FNDA:4,ErrorReaderTask::read_error_from_stream
FNDA:0,ErrorReaderTask::stream_id
FNDA:0,ErrorReaderTask::is_running
FNDA:0,ErrorReaderTask::is_finished
FNDA:4,ErrorReaderTask::shutdown
FNDA:0,ErrorReaderTask::abort
FNDA:1,<impl Drop for ErrorReaderTask>::drop
FNDA:0,<impl Debug for ErrorReaderTask>::fmt
DA:36,2
DA:44,3
DA:45,9
DA:55,8
DA:56,2
DA:59,6
DA:60,4
DA:61,4
DA:62,3
DA:65,4
DA:66,2
DA:67,2
DA:74,2
DA:77,8
DA:86,12
DA:87,6
DA:90,6
DA:93,6
DA:94,2
DA:95,1
DA:98,4
DA:99,2
DA:100,2
DA:107,3
DA:108,1
DA:112,3
DA:113,1
DA:115,3
DA:119,5
DA:120,4
DA:121,4
DA:125,8
DA:126,4
DA:127,4
DA:133,4
DA:134,2
DA:137,2
DA:138,3
DA:142,1
DA:144,2
DA:148,6
DA:149,2
DA:150,2
DA:154,4
DA:156,4
DA:157,2
DA:158,3
DA:159,2
DA:162,2
DA:167,1
DA:168,1
DA:202,3
DA:210,5
DA:212,5
DA:214,10
DA:215,5
DA:218,5
DA:219,0
DA:223,1
DA:225,13
DA:227,4
DA:228,2
DA:229,2
DA:234,2
DA:235,1
DA:236,1
DA:237,1
DA:238,2
DA:240,2
DA:243,0
DA:244,0
DA:251,2
DA:254,1
DA:255,0
DA:258,2
DA:263,2
DA:273,4
DA:278,4
DA:280,5
DA:283,5
DA:285,7
DA:286,1
DA:287,1
DA:292,2
DA:294,2
DA:295,1
DA:297,2
DA:300,1
DA:302,0
DA:303,0
DA:307,0
DA:313,0
DA:314,0
DA:318,0
DA:319,0
DA:320,0
DA:324,0
DA:325,0
DA:334,4
DA:335,1
DA:336,0
DA:340,2
DA:343,2
DA:344,2
DA:345,1
DA:350,2
DA:351,3
DA:352,1
DA:353,1
DA:355,1
DA:357,0
DA:358,0
DA:363,0
DA:368,1
DA:369,2
DA:375,0
DA:376,0
DA:377,0
DA:378,0
DA:381,0
DA:384,0
DA:389,1
DA:390,3
DA:391,1
DA:394,2
DA:395,1
DA:399,1
DA:400,1
DA:403,1
DA:409,0
DA:410,0
DA:411,0
DA:412,0
DA:413,0
DA:414,0
LF:135
LH:105
end_of_record
TN:
SF:/home/solarw/MyData/work/hyperion/netcom/protocols/xstream/src/handler.rs
FN:77,XStreamProtocol::new
FN:102,XStreamHandler::new
FN:117,XStreamHandler::set_peer_id
FN:121,XStreamHandler::set_closure_sender
FN:126,XStreamHandler::get_stream_mut
FN:131,XStreamHandler::handle_inbound_stream
FN:145,XStreamHandler::handle_outbound_stream
FN:188,XStreamHandler::open_stream_with_role
FN:203,XStreamHandler::get_stream
FN:214,<impl InboundUpgrade for XStreamProtocol>::upgrade_inbound
FN:225,<impl OutboundUpgrade for XStreamProtocol>::upgrade_outbound
FN:234,<impl UpgradeInfo for XStreamProtocol>::protocol_info
FN:247,<impl ConnectionHandler for XStreamHandler>::listen_protocol
FN:253,<impl ConnectionHandler for XStreamHandler>::on_behaviour_event
FN:262,<impl ConnectionHandler for XStreamHandler>::connection_keep_alive
FN:266,<impl ConnectionHandler for XStreamHandler>::poll
FN:308,<impl ConnectionHandler for XStreamHandler>::on_connection_event
FN:361,<impl ConnectionHandler for XStreamHandler>::poll_close
FNF:18
FNDA:4,XStreamProtocol::new
FNDA:6,XStreamHandler::new
FNDA:5,XStreamHandler::set_peer_id
FNDA:3,XStreamHandler::set_closure_sender
FNDA:0,XStreamHandler::get_stream_mut
FNDA:2,XStreamHandler::handle_inbound_stream
FNDA:2,XStreamHandler::handle_outbound_stream
FNDA:1,XStreamHandler::open_stream_with_role
FNDA:0,XStreamHandler::get_stream
FNDA:2,<impl InboundUpgrade for XStreamProtocol>::upgrade_inbound
FNDA:2,<impl OutboundUpgrade for XStreamProtocol>::upgrade_outbound
FNDA:2,<impl UpgradeInfo for XStreamProtocol>::protocol_info
FNDA:3,<impl ConnectionHandler for XStreamHandler>::listen_protocol
FNDA:4,<impl ConnectionHandler for XStreamHandler>::on_behaviour_event
FNDA:4,<impl ConnectionHandler for XStreamHandler>::connection_keep_alive
FNDA:3,<impl ConnectionHandler for XStreamHandler>::poll
FNDA:2,<impl ConnectionHandler for XStreamHandler>::on_connection_event
FNDA:1,<impl ConnectionHandler for XStreamHandler>::poll_close
DA:77,4
DA:102,6
DA:104,6
DA:106,6
DA:107,7
DA:108,8
DA:109,8
DA:117,5
DA:118,5
DA:121,3
DA:122,5
DA:126,0
DA:127,0
DA:131,2
DA:132,4
DA:134,4
DA:135,5
DA:136,2
DA:137,2
DA:138,2
DA:145,2
DA:151,3
DA:157,4
DA:158,3
DA:159,2
DA:160,3
DA:161,7
DA:163,3
DA:166,2
DA:169,6
DA:170,0
DA:173,5
DA:176,3
DA:177,2
DA:179,2
DA:180,3
DA:182,3
DA:188,1
DA:194,1
DA:197,2
DA:199,2
DA:203,0
DA:204,0
DA:214,2
DA:215,3
DA:225,2
DA:226,2
DA:234,2
DA:235,2
DA:247,3
DA:249,3
DA:250,4
DA:253,4
DA:255,4
DA:256,4
DA:257,4
DA:262,4
DA:263,4
DA:266,3
DA:273,4
DA:274,2
DA:275,2
DA:278,0
DA:282,5
DA:286,2
DA:287,0
DA:288,0
DA:293,3
DA:294,1
DA:295,1
DA:297,2
DA:298,1
DA:305,2
DA:308,2
DA:312,2
DA:313,1
DA:317,2
DA:319,2
DA:323,2
DA:325,0
DA:326,0
DA:327,0
DA:329,0
DA:331,0
DA:333,0
DA:340,0
DA:341,0
DA:342,0
DA:343,0
DA:344,0
DA:346,0
DA:348,0
DA:361,1
DA:363,1
DA:364,0
DA:368,1
DA:369,0
DA:370,0
DA:372,0
DA:373,0
DA:374,0
DA:379,1
LF:102
LH:75
end_of_record
TN:
SF:/home/solarw/MyData/work/hyperion/netcom/protocols/xstream/src/header.rs
FN:18,XStreamHeader::new
FN:27,write_header
FN:48,read_header
FN:73,write_header_to_stream
FN:81,read_header_from_stream
FNF:5
FNDA:2,XStreamHeader::new
FNDA:10,write_header
FNDA:6,read_header
FNDA:2,write_header_to_stream
FNDA:0,read_header_from_stream
DA:18,2
DA:27,10
DA:32,4
DA:35,9
DA:38,5
DA:41,9
DA:42,8
DA:44,4
DA:48,6
DA:53,6
DA:54,16
DA:56,3
DA:57,9
DA:58,6
DA:61,3
DA:62,9
DA:64,6
DA:66,6
DA:67,3
DA:68,0
DA:73,2
DA:77,4
DA:81,0
DA:84,0
LF:24
LH:21
end_of_record
TN:
SF:/home/solarw/MyData/work/hyperion/netcom/protocols/xstream/src/pending_streams.rs
FN:24,<impl Hash for SubstreamKey>::hash
FN:34,SubstreamKey::new
FN:121,PendingStreamsManager::new
FN:135,PendingStreamsManager::get_event_sender
FN:140,PendingStreamsManager::set_timeout_duration
FN:145,PendingStreamsManager::run
FN:193,PendingStreamsManager::handle_substream
FN:334,PendingStreamsManager::cleanup_timeouts
FNF:8
FNDA:1,<impl Hash for SubstreamKey>::hash
FNDA:2,SubstreamKey::new
FNDA:2,PendingStreamsManager::new
FNDA:2,PendingStreamsManager::get_event_sender
FNDA:1,PendingStreamsManager::set_timeout_duration
FNDA:4,PendingStreamsManager::run
FNDA:1,PendingStreamsManager::handle_substream
FNDA:1,PendingStreamsManager::cleanup_timeouts
DA:24,1
DA:26,1
DA:27,2
DA:28,1
DA:29,1
DA:34,2
DA:121,2
DA:122,4
DA:125,2
DA:126,2
DA:130,2
DA:135,2
DA:136,2
DA:140,1
DA:141,1
DA:145,4
DA:146,2
DA:149,2
DA:150,3
DA:151,3
DA:153,6
DA:154,1
DA:155,0
DA:162,6
DA:163,1
DA:164,2
DA:172,4
DA:180,13
DA:183,2
DA:188,0
DA:193,1
DA:206,9
DA:209,5
DA:212,9
DA:213,1
DA:215,0
DA:216,0
DA:218,0
DA:219,0
DA:220,0
DA:221,0
DA:222,0
DA:223,0
DA:234,4
DA:235,1
DA:236,0
DA:237,0
DA:238,0
DA:240,0
DA:241,0
DA:242,0
DA:243,0
DA:244,0
DA:245,0
DA:253,6
DA:254,4
DA:255,0
DA:256,0
DA:262,4
DA:263,1
DA:265,5
DA:266,1
DA:269,5
DA:275,9
DA:277,5
DA:279,0
DA:283,0
DA:284,0
DA:287,0
DA:289,0
DA:290,0
DA:291,0
DA:292,0
DA:299,10
DA:300,0
DA:302,1
DA:307,4
DA:312,4
DA:313,2
DA:315,5
DA:318,6
DA:319,1
DA:320,1
DA:321,4
DA:322,1
DA:323,4
DA:326,1
DA:334,1
DA:335,1
DA:336,1
DA:339,2
DA:340,0
DA:341,0
DA:346,2
DA:347,0
DA:349,0
DA:350,0
DA:354,0
DA:356,0
DA:357,0
DA:358,0
DA:359,0
DA:363,0
LF:103
LH:62
end_of_record
TN:
SF:/home/solarw/MyData/work/hyperion/netcom/protocols/xstream/src/protocol.rs
FN:5,xstream_protocol
FN:10,is_xstream_protocol
FNF:2
FNDA:1,xstream_protocol
FNDA:1,is_xstream_protocol
DA:5,1
DA:6,1
DA:10,1
DA:11,1
LF:4
LH:4
end_of_record
TN:
SF:/home/solarw/MyData/work/hyperion/netcom/protocols/xstream/src/types.rs
FN:23,<impl From for SubstreamRole>::from
FN:50,<impl From for XStreamState>::from
FN:68,<impl From for XStreamID>::from
FN:74,<impl From for u128>::from
FN:81,<impl Display for XStreamID>::fmt
FN:97,XStreamIDIterator::new
FN:105,XStreamIDIterator::with_start
FN:119,<impl Iterator for XStreamIDIterator>::next
FN:138,<impl Clone for XStreamIDIterator>::clone
FNF:9
FNDA:2,<impl From for SubstreamRole>::from
FNDA:1,<impl From for XStreamState>::from
FNDA:4,<impl From for XStreamID>::from
FNDA:2,<impl From for u128>::from
FNDA:1,<impl Display for XStreamID>::fmt
FNDA:2,XStreamIDIterator::new
FNDA:0,XStreamIDIterator::with_start
FNDA:1,<impl Iterator for XStreamIDIterator>::next
FNDA:0,<impl Clone for XStreamIDIterator>::clone
DA:23,2
DA:24,2
DA:25,1
DA:26,2
DA:50,1
DA:51,1
DA:52,1
DA:53,1
DA:54,1
DA:55,1
DA:56,1
DA:57,1
DA:58,1
DA:68,4
DA:74,2
DA:81,1
DA:82,2
DA:95,0
DA:97,2
DA:99,2
DA:100,4
DA:105,0
DA:106,0
DA:107,0
DA:110,0
DA:111,0
DA:116,0
DA:119,1
DA:121,1
DA:124,1
DA:125,0
DA:129,1
DA:130,1
DA:133,1
DA:137,0
DA:138,0
DA:140,0
DA:141,0
LF:38
LH:26
end_of_record
TN:
SF:/home/solarw/MyData/work/hyperion/netcom/protocols/xstream/src/utils.rs
FN:6,IdIterator::new
FN:14,<impl Iterator for IdIterator>::next
FNF:2
FNDA:1,IdIterator::new
FNDA:1,<impl Iterator for IdIterator>::next
DA:5,0
DA:6,1
DA:11,0
DA:14,1
DA:15,1
DA:16,3
DA:17,2
LF:7
LH:5
end_of_record
TN:
SF:/home/solarw/MyData/work/hyperion/netcom/protocols/xstream/src/xstream.rs
FN:39,XStream::new
FN:94,XStream::execute_main_read_op
FN:128,XStream::execute_main_write_op
FN:157,XStream::execute_error_write_op
FN:184,XStream::state
FN:189,XStream::is_closed
FN:194,XStream::is_local_closed
FN:199,XStream::is_remote_closed
FN:204,XStream::is_write_local_closed
FN:209,XStream::is_read_remote_closed
FN:214,XStream::check_readable_basic
FN:231,XStream::check_readable
FN:239,XStream::check_writable
FN:262,XStream::check_for_immediate_error
FN:272,XStream::has_pending_error
FN:279,XStream::read_exact
FN:298,XStream::read_exact_simple
FN:313,XStream::read_exact_with_error_awareness
FN:372,XStream::read_to_end
FN:391,XStream::read_to_end_simple
FN:409,XStream::read_to_end_with_error_awareness
FN:458,XStream::read
FN:477,XStream::read_simple
FN:500,XStream::read_with_error_awareness
FN:551,XStream::read_ignore_errors
FN:576,XStream::read_to_end_ignore_errors
FN:602,XStream::write_all
FN:614,XStream::flush
FN:620,XStream::write_eof
FN:664,XStream::error_read
FN:677,XStream::inner_error_read
FN:694,XStream::has_error_data
FN:699,XStream::get_cached_error
FN:705,XStream::error_write
FN:765,XStream::close
FN:830,<impl Clone for XStream>::clone
FN:852,<impl Drop for XStream>::drop
FNF:37
FNDA:3,XStream::new
FNDA:7,XStream::execute_main_read_op
FNDA:10,XStream::execute_main_write_op
FNDA:2,XStream::execute_error_write_op
FNDA:1,XStream::state
FNDA:1,XStream::is_closed
FNDA:0,XStream::is_local_closed
FNDA:0,XStream::is_remote_closed
FNDA:1,XStream::is_write_local_closed
FNDA:0,XStream::is_read_remote_closed
FNDA:2,XStream::check_readable_basic
FNDA:2,XStream::check_readable
FNDA:1,XStream::check_writable
FNDA:8,XStream::check_for_immediate_error
FNDA:6,XStream::has_pending_error
FNDA:4,XStream::read_exact
FNDA:4,XStream::read_exact_simple
FNDA:4,XStream::read_exact_with_error_awareness
FNDA:4,XStream::read_to_end
FNDA:4,XStream::read_to_end_simple
FNDA:0,XStream::read_to_end_with_error_awareness
FNDA:4,XStream::read
FNDA:4,XStream::read_simple
FNDA:4,XStream::read_with_error_awareness
FNDA:0,XStream::read_ignore_errors
FNDA:0,XStream::read_to_end_ignore_errors
FNDA:4,XStream::write_all
FNDA:8,XStream::flush
FNDA:4,XStream::write_eof
FNDA:4,XStream::error_read
FNDA:0,XStream::inner_error_read
FNDA:4,XStream::has_error_data
FNDA:7,XStream::get_cached_error
FNDA:8,XStream::error_write
FNDA:4,XStream::close
FNDA:1,<impl Clone for XStream>::clone
FNDA:1,<impl Drop for XStream>::drop
DA:39,3
DA:49,5
DA:55,5
DA:56,5
DA:59,5
DA:60,5
DA:63,5
DA:68,5
DA:69,3
DA:70,2
DA:72,3
DA:74,5
DA:78,5
DA:79,5
DA:94,7
DA:101,6
DA:103,3
DA:106,0
DA:107,6
DA:108,11
DA:111,3
DA:112,3
DA:113,2
DA:115,4
DA:116,0
DA:117,0
DA:118,0
DA:120,4
DA:122,2
DA:128,10
DA:135,12
DA:137,6
DA:140,0
DA:141,12
DA:142,12
DA:145,6
DA:146,6
DA:147,1
DA:149,1
DA:150,1
DA:151,1
DA:157,2
DA:163,2
DA:166,0
DA:167,2
DA:168,2
DA:171,1
DA:172,1
DA:173,0
DA:174,0
DA:175,0
DA:176,0
DA:184,1
DA:185,1
DA:189,1
DA:190,1
DA:194,0
DA:195,0
DA:199,0
DA:200,0
DA:204,1
DA:205,1
DA:209,0
DA:210,0
DA:214,2
DA:215,2
DA:216,0
DA:218,0
DA:221,4
DA:222,1
DA:224,1
DA:227,2
DA:231,2
DA:232,2
DA:233,2
DA:234,1
DA:239,1
DA:240,1
DA:241,1
DA:243,1
DA:246,1
DA:247,0
DA:249,0
DA:252,1
DA:253,0
DA:255,0
DA:258,1
DA:262,8
DA:263,4
DA:264,1
DA:265,2
DA:268,2
DA:272,6
DA:273,5
DA:279,4
DA:281,2
DA:284,1
DA:285,0
DA:289,2
DA:290,3
DA:293,3
DA:298,4
DA:299,1
DA:301,7
DA:302,3
DA:303,4
DA:304,1
DA:306,6
DA:307,1
DA:308,2
DA:313,4
DA:314,1
DA:315,1
DA:317,1
DA:318,2
DA:320,2
DA:367,1
DA:368,1
DA:372,4
DA:374,2
DA:377,1
DA:378,0
DA:382,2
DA:383,0
DA:386,3
DA:391,4
DA:392,1
DA:394,5
DA:395,3
DA:396,4
DA:397,1
DA:398,0
DA:400,1
DA:402,5
DA:403,1
DA:404,0
DA:409,0
DA:410,0
DA:411,0
DA:414,0
DA:416,0
DA:458,4
DA:460,3
DA:463,1
DA:464,4
DA:468,2
DA:469,4
DA:472,4
DA:477,4
DA:478,1
DA:480,5
DA:481,3
DA:482,4
DA:483,1
DA:484,2
DA:485,2
DA:490,1
DA:491,1
DA:493,6
DA:494,1
DA:495,2
DA:500,4
DA:501,1
DA:502,2
DA:504,2
DA:551,0
DA:552,0
DA:553,0
DA:554,0
DA:555,0
DA:557,0
DA:560,0
DA:561,0
DA:562,0
DA:564,0
DA:566,0
DA:576,0
DA:577,0
DA:578,0
DA:579,0
DA:580,0
DA:582,0
DA:585,0
DA:586,0
DA:587,0
DA:588,0
DA:590,0
DA:602,4
DA:603,6
DA:604,2
DA:605,6
DA:606,7
DA:607,2
DA:610,4
DA:614,8
DA:615,14
DA:616,6
DA:620,4
DA:621,2
DA:622,1
DA:624,2
DA:631,3
DA:632,2
DA:633,3
DA:634,3
DA:635,2
DA:636,1
DA:639,3
DA:641,1
DA:643,1
DA:644,1
DA:645,1
DA:647,0
DA:648,0
DA:650,0
DA:652,0
DA:653,0
DA:655,0
DA:664,4
DA:665,2
DA:666,2
DA:672,2
DA:673,4
DA:677,0
DA:678,0
DA:679,0
DA:686,0
DA:687,0
DA:694,4
DA:695,2
DA:699,7
DA:700,4
DA:705,8
DA:706,4
DA:707,2
DA:713,2
DA:714,2
DA:721,1
DA:724,1
DA:725,3
DA:726,2
DA:727,1
DA:728,3
DA:729,3
DA:730,2
DA:731,2
DA:732,1
DA:735,3
DA:738,3
DA:739,2
DA:740,3
DA:741,3
DA:742,2
DA:743,1
DA:746,3
DA:748,1
DA:750,2
DA:751,1
DA:752,1
DA:753,1
DA:755,0
DA:756,0
DA:757,0
DA:758,0
DA:759,0
DA:765,4
DA:766,2
DA:772,1
DA:773,1
DA:777,2
DA:778,3
DA:779,2
DA:780,3
DA:785,1
DA:788,1
DA:789,2
DA:790,1
DA:794,0
DA:795,0
DA:796,0
DA:797,0
DA:801,0
DA:802,0
DA:803,0
DA:804,0
DA:805,0
DA:808,0
DA:810,0
DA:813,0
DA:816,0
DA:817,0
DA:818,0
DA:819,0
DA:820,0
DA:822,0
DA:830,1
DA:831,1
DA:837,1
DA:838,2
DA:839,2
DA:840,2
DA:841,1
DA:842,1
DA:843,1
DA:844,1
DA:845,2
DA:846,1
DA:852,1
DA:853,1
DA:856,1
DA:857,1
LF:311
LH:223
end_of_record
TN:
SF:/home/solarw/MyData/work/hyperion/netcom/protocols/xstream/src/xstream_error.rs
FN:18,XStreamError::new
FN:29,XStreamError::from_message
FN:37,XStreamError::data
FN:42,XStreamError::message
FN:47,XStreamError::as_string
FN:52,XStreamError::is_empty
FN:57,XStreamError::len
FN:63,<impl Display for XStreamError>::fmt
FN:102,IoErrorWrapper::new
FN:109,IoErrorWrapper::kind
FN:113,IoErrorWrapper::message
FN:118,IoErrorWrapper::to_io_error
FN:124,<impl Display for IoErrorWrapper>::fmt
FN:130,<impl From for IoErrorWrapper>::from
FN:142,<impl From for ReadError>::from
FN:148,<impl From for XStreamError>::from
FN:155,ErrorOnRead::new
FN:163,ErrorOnRead::kind
FN:171,ErrorOnRead::from_io_error
FN:179,ErrorOnRead::from_xstream_error
FN:187,ErrorOnRead::from_xstream_data
FN:195,ErrorOnRead::partial_data
FN:200,ErrorOnRead::error
FN:205,ErrorOnRead::is_io_error
FN:210,ErrorOnRead::is_xstream_error
FN:215,ErrorOnRead::as_io_error
FN:223,ErrorOnRead::as_xstream_error
FN:231,ErrorOnRead::into_partial_data
FN:236,ErrorOnRead::into_error
FN:241,ErrorOnRead::into_parts
FN:246,ErrorOnRead::has_partial_data
FN:251,ErrorOnRead::partial_data_len
FN:256,ErrorOnRead::error_only
FN:264,ErrorOnRead::io_error_only
FN:269,ErrorOnRead::xstream_error_only
FN:274,ErrorOnRead::to_io_error
FN:284,ErrorOnRead::from_std_io_error
FN:290,<impl Display for ReadError>::fmt
FN:299,<impl Error for ReadError>::source
FN:308,<impl Display for ErrorOnRead>::fmt
FN:323,<impl Error for ErrorOnRead>::source
FN:333,<impl From for ErrorOnRead>::from
FN:343,utils::io_error_to_error_on_read
FN:348,utils::xstream_data_to_error_on_read
FN:353,utils::result_with_partial_data
FN:364,utils::is_critical_error
FN:378,utils::error_description
FNF:47
FNDA:1,XStreamError::new
FNDA:1,XStreamError::from_message
FNDA:1,XStreamError::data
FNDA:1,XStreamError::message
FNDA:1,XStreamError::as_string
FNDA:1,XStreamError::is_empty
FNDA:1,XStreamError::len
FNDA:1,<impl Display for XStreamError>::fmt
FNDA:1,IoErrorWrapper::new
FNDA:1,IoErrorWrapper::kind
FNDA:1,IoErrorWrapper::message
FNDA:1,IoErrorWrapper::to_io_error
FNDA:1,<impl Display for IoErrorWrapper>::fmt
FNDA:1,<impl From for IoErrorWrapper>::from
FNDA:1,<impl From for ReadError>::from
FNDA:1,<impl From for XStreamError>::from
FNDA:1,ErrorOnRead::new
FNDA:1,ErrorOnRead::kind
FNDA:1,ErrorOnRead::from_io_error
FNDA:1,ErrorOnRead::from_xstream_error
FNDA:1,ErrorOnRead::from_xstream_data
FNDA:1,ErrorOnRead::partial_data
FNDA:1,ErrorOnRead::error
FNDA:1,ErrorOnRead::is_io_error
FNDA:1,ErrorOnRead::is_xstream_error
FNDA:1,ErrorOnRead::as_io_error
FNDA:1,ErrorOnRead::as_xstream_error
FNDA:1,ErrorOnRead::into_partial_data
FNDA:1,ErrorOnRead::into_error
FNDA:1,ErrorOnRead::into_parts
FNDA:1,ErrorOnRead::has_partial_data
FNDA:1,ErrorOnRead::partial_data_len
FNDA:1,ErrorOnRead::error_only
FNDA:1,ErrorOnRead::io_error_only
FNDA:1,ErrorOnRead::xstream_error_only
FNDA:1,ErrorOnRead::to_io_error
FNDA:1,ErrorOnRead::from_std_io_error
FNDA:1,<impl Display for ReadError>::fmt
FNDA:1,<impl Error for ReadError>::source
FNDA:1,<impl Display for ErrorOnRead>::fmt
FNDA:1,<impl Error for ErrorOnRead>::source
FNDA:1,<impl From for ErrorOnRead>::from
FNDA:1,utils::io_error_to_error_on_read
FNDA:1,utils::xstream_data_to_error_on_read
FNDA:1,utils::result_with_partial_data
FNDA:1,utils::is_critical_error
FNDA:1,utils::error_description
DA:18,1
DA:19,3
DA:20,2
DA:22,1
DA:29,1
DA:31,2
DA:32,1
DA:37,1
DA:38,1
DA:42,1
DA:43,1
DA:47,1
DA:48,1
DA:52,1
DA:53,1
DA:57,1
DA:58,1
DA:63,1
DA:64,1
DA:65,1
DA:66,1
DA:67,1
DA:69,1
DA:102,1
DA:104,1
DA:105,1
DA:109,1
DA:110,1
DA:113,1
DA:114,1
DA:118,1
DA:119,1
DA:124,1
DA:125,1
DA:130,1
DA:131,1
DA:136,1
DA:137,1
DA:142,1
DA:143,1
DA:148,1
DA:149,1
DA:155,1
DA:163,1
DA:164,1
DA:165,1
DA:166,1
DA:171,1
DA:174,2
DA:179,1
DA:182,1
DA:187,1
DA:190,2
DA:195,1
DA:196,1
DA:200,1
DA:201,1
DA:205,1
DA:206,1
DA:210,1
DA:211,1
DA:215,1
DA:216,1
DA:217,1
DA:218,1
DA:223,1
DA:224,1
DA:225,1
DA:226,1
DA:231,1
DA:232,1
DA:236,1
DA:237,1
DA:241,1
DA:242,1
DA:246,1
DA:247,1
DA:251,1
DA:252,1
DA:256,1
DA:258,1
DA:264,1
DA:265,2
DA:269,1
DA:270,2
DA:274,1
DA:275,1
DA:276,1
DA:277,1
DA:278,2
DA:284,1
DA:285,1
DA:290,1
DA:291,1
DA:292,1
DA:293,1
DA:299,1
DA:300,1
DA:301,1
DA:302,1
DA:308,1
DA:309,1
DA:310,1
DA:313,1
DA:317,1
DA:323,1
DA:324,1
DA:333,1
DA:334,1
DA:343,1
DA:344,1
DA:348,1
DA:349,1
DA:353,1
DA:357,1
DA:358,1
DA:359,1
DA:364,1
DA:365,1
DA:366,2
DA:367,1
DA:373,1
DA:378,1
DA:379,1
DA:380,1
DA:381,1
DA:382,2
DA:383,1
DA:385,0
LF:129
LH:128
end_of_record
TN:
SF:/home/solarw/MyData/work/hyperion/netcom/protocols/xstream/src/xstream_state.rs
FN:33,XStreamStateManager::new
FN:51,XStreamStateManager::state
FN:57,XStreamStateManager::set_state
FN:104,XStreamStateManager::notify_state_change
FN:122,XStreamStateManager::mark_write_local_closed
FN:132,XStreamStateManager::mark_read_remote_closed
FN:142,XStreamStateManager::mark_local_closed
FN:158,XStreamStateManager::mark_remote_closed
FN:168,XStreamStateManager::mark_error
FN:174,XStreamStateManager::is_closed
FN:185,XStreamStateManager::is_local_closed
FN:193,XStreamStateManager::is_remote_closed
FN:201,XStreamStateManager::is_write_local_closed
FN:209,XStreamStateManager::is_read_remote_closed
FN:217,XStreamStateManager::has_error_written
FN:222,XStreamStateManager::mark_error_written
FN:227,XStreamStateManager::store_error_data
FN:235,XStreamStateManager::get_error_data
FN:241,XStreamStateManager::has_error_data
FN:247,XStreamStateManager::handle_connection_error
FN:258,XStreamStateManager::is_connection_closed_error
FN:268,XStreamStateManager::direction
FN:273,XStreamStateManager::stream_id
FN:278,XStreamStateManager::peer_id
FN:284,<impl Clone for XStreamStateManager>::clone
FNF:25
FNDA:1,XStreamStateManager::new
FNDA:1,XStreamStateManager::state
FNDA:1,XStreamStateManager::set_state
FNDA:1,XStreamStateManager::notify_state_change
FNDA:1,XStreamStateManager::mark_write_local_closed
FNDA:1,XStreamStateManager::mark_read_remote_closed
FNDA:1,XStreamStateManager::mark_local_closed
FNDA:1,XStreamStateManager::mark_remote_closed
FNDA:1,XStreamStateManager::mark_error
FNDA:1,XStreamStateManager::is_closed
FNDA:1,XStreamStateManager::is_local_closed
FNDA:1,XStreamStateManager::is_remote_closed
FNDA:1,XStreamStateManager::is_write_local_closed
FNDA:2,XStreamStateManager::is_read_remote_closed
FNDA:1,XStreamStateManager::has_error_written
FNDA:1,XStreamStateManager::mark_error_written
FNDA:4,XStreamStateManager::store_error_data
FNDA:4,XStreamStateManager::get_error_data
FNDA:4,XStreamStateManager::has_error_data
FNDA:1,XStreamStateManager::handle_connection_error
FNDA:1,XStreamStateManager::is_connection_closed_error
FNDA:0,XStreamStateManager::direction
FNDA:0,XStreamStateManager::stream_id
FNDA:0,XStreamStateManager::peer_id
FNDA:1,<impl Clone for XStreamStateManager>::clone
DA:33,1
DA:40,5
DA:45,5
DA:46,5
DA:51,1
DA:52,1
DA:53,1
DA:57,1
DA:58,1
DA:61,2
DA:63,0
DA:67,0
DA:70,0
DA:74,0
DA:77,0
DA:80,1
DA:84,1
DA:85,1
DA:86,1
DA:92,1
DA:93,1
DA:94,1
DA:95,1
DA:98,1
DA:104,1
DA:105,1
DA:109,1
DA:110,1
DA:114,0
DA:122,1
DA:123,1
DA:124,1
DA:125,1
DA:126,0
DA:132,1
DA:133,1
DA:134,1
DA:135,1
DA:136,1
DA:142,1
DA:143,1
DA:144,1
DA:147,1
DA:150,1
DA:152,0
DA:158,1
DA:159,1
DA:160,1
DA:161,1
DA:162,0
DA:168,1
DA:169,1
DA:170,1
DA:174,1
DA:175,1
DA:176,1
DA:185,1
DA:186,1
DA:187,1
DA:193,1
DA:194,1
DA:195,1
DA:201,1
DA:202,1
DA:203,1
DA:209,2
DA:210,2
DA:211,2
DA:217,1
DA:218,1
DA:222,1
DA:223,1
DA:227,4
DA:228,2
DA:229,3
DA:230,1
DA:235,4
DA:236,2
DA:237,2
DA:241,4
DA:242,2
DA:243,2
DA:247,1
DA:249,1
DA:250,1
DA:251,1
DA:252,1
DA:254,1
DA:258,1
DA:259,1
DA:260,1
DA:268,0
DA:269,0
DA:273,0
DA:274,0
DA:278,0
DA:279,0
DA:284,1
DA:286,1
DA:287,1
DA:288,1
DA:289,1
DA:290,2
DA:291,2
DA:292,1
LF:105
LH:90
end_of_record
