TN:
SF:/home/solarw/MyData/work/hyperion/netcom/protocols/xauth/src/behaviours.rs
FN:53,PorAuthBehaviour::new
FN:58,PorAuthBehaviour::with_metadata
FN:77,PorAuthBehaviour::update_por
FN:82,PorAuthBehaviour::update_metadata
FN:87,PorAuthBehaviour::handle_auth_request
FN:132,PorAuthBehaviour::handle_auth_response
FN:198,PorAuthBehaviour::start_outbound_auth
FN:219,PorAuthBehaviour::start_inbound_auth_waiting
FN:232,PorAuthBehaviour::submit_por_verification_result
FN:340,PorAuthBehaviour::start_authentication
FN:362,PorAuthBehaviour::check_timeouts
FN:456,PorAuthBehaviour::is_peer_authenticated
FN:471,PorAuthBehaviour::get_peer_metadata
FN:486,PorAuthBehaviour::get_pending_verification
FN:504,<impl NetworkBehaviour for PorAuthBehaviour>::handle_established_inbound_connection
FN:540,<impl NetworkBehaviour for PorAuthBehaviour>::handle_established_outbound_connection
FN:580,<impl NetworkBehaviour for PorAuthBehaviour>::on_connection_handler_event
FN:591,<impl NetworkBehaviour for PorAuthBehaviour>::on_swarm_event
FN:626,<impl NetworkBehaviour for PorAuthBehaviour>::poll
FNF:19
FNDA:4,PorAuthBehaviour::new
FNDA:2,PorAuthBehaviour::with_metadata
FNDA:1,PorAuthBehaviour::update_por
FNDA:1,PorAuthBehaviour::update_metadata
FNDA:1,PorAuthBehaviour::handle_auth_request
FNDA:1,PorAuthBehaviour::handle_auth_response
FNDA:1,PorAuthBehaviour::start_outbound_auth
FNDA:1,PorAuthBehaviour::start_inbound_auth_waiting
FNDA:1,PorAuthBehaviour::submit_por_verification_result
FNDA:1,PorAuthBehaviour::start_authentication
FNDA:2,PorAuthBehaviour::check_timeouts
FNDA:4,PorAuthBehaviour::is_peer_authenticated
FNDA:3,PorAuthBehaviour::get_peer_metadata
FNDA:0,PorAuthBehaviour::get_pending_verification
FNDA:1,<impl NetworkBehaviour for PorAuthBehaviour>::handle_established_inbound_connection
FNDA:1,<impl NetworkBehaviour for PorAuthBehaviour>::handle_established_outbound_connection
FNDA:1,<impl NetworkBehaviour for PorAuthBehaviour>::on_connection_handler_event
FNDA:1,<impl NetworkBehaviour for PorAuthBehaviour>::on_swarm_event
FNDA:1,<impl NetworkBehaviour for PorAuthBehaviour>::poll
DA:53,4
DA:54,4
DA:55,4
DA:58,2
DA:60,4
DA:67,5
DA:68,5
DA:69,5
DA:72,5
DA:77,1
DA:78,2
DA:82,1
DA:83,2
DA:87,1
DA:95,2
DA:100,2
DA:101,1
DA:104,1
DA:109,2
DA:110,1
DA:111,1
DA:113,1
DA:116,1
DA:117,1
DA:120,1
DA:121,1
DA:124,1
DA:125,1
DA:126,1
DA:132,1
DA:138,2
DA:143,1
DA:144,1
DA:146,1
DA:147,1
DA:149,2
DA:152,2
DA:153,1
DA:156,1
DA:157,1
DA:162,1
DA:163,1
DA:167,2
DA:168,2
DA:169,1
DA:172,1
DA:173,1
DA:179,1
DA:181,2
DA:184,2
DA:185,1
DA:188,1
DA:189,1
DA:198,1
DA:199,1
DA:201,1
DA:203,1
DA:210,1
DA:211,1
DA:214,1
DA:219,1
DA:220,1
DA:222,1
DA:224,1
DA:232,1
DA:238,2
DA:239,1
DA:241,0
DA:249,2
DA:250,1
DA:251,1
DA:252,1
DA:255,0
DA:259,2
DA:260,1
DA:263,1
DA:264,1
DA:269,1
DA:272,1
DA:275,1
DA:276,1
DA:277,1
DA:280,1
DA:283,2
DA:284,1
DA:287,1
DA:292,1
DA:294,0
DA:295,0
DA:296,0
DA:299,0
DA:300,0
DA:306,1
DA:307,2
DA:308,1
DA:311,2
DA:312,1
DA:315,1
DA:316,1
DA:323,1
DA:325,0
DA:327,0
DA:330,1
DA:332,0
DA:340,1
DA:342,1
DA:343,1
DA:345,0
DA:353,1
DA:356,1
DA:358,1
DA:362,2
DA:364,2
DA:367,4
DA:368,1
DA:369,1
DA:374,4
DA:375,0
DA:377,0
DA:379,0
DA:380,0
DA:381,0
DA:386,0
DA:387,0
DA:388,0
DA:394,0
DA:395,0
DA:398,0
DA:399,0
DA:405,0
DA:406,0
DA:409,0
DA:410,0
DA:413,0
DA:421,2
DA:422,2
DA:424,2
DA:427,4
DA:428,2
DA:429,0
DA:431,1
DA:437,4
DA:438,0
DA:439,0
DA:445,0
DA:446,0
DA:447,0
DA:448,0
DA:456,4
DA:458,5
DA:459,2
DA:460,1
DA:461,1
DA:462,1
DA:467,6
DA:471,3
DA:473,2
DA:474,0
DA:475,0
DA:476,0
DA:477,0
DA:482,3
DA:486,0
DA:490,0
DA:491,0
DA:492,0
DA:495,0
DA:504,1
DA:512,1
DA:518,1
DA:519,2
DA:525,2
DA:526,1
DA:529,3
DA:530,1
DA:531,2
DA:532,2
DA:534,2
DA:536,0
DA:540,1
DA:549,2
DA:551,1
DA:558,1
DA:559,2
DA:565,1
DA:566,1
DA:569,2
DA:570,1
DA:571,1
DA:572,1
DA:574,1
DA:576,0
DA:580,1
DA:587,1
DA:588,1
DA:591,1
DA:593,1
DA:595,1
DA:596,1
DA:597,1
DA:604,1
DA:606,0
DA:608,0
DA:610,0
DA:611,0
DA:612,0
DA:613,0
DA:618,0
DA:619,0
DA:626,1
DA:631,1
DA:634,3
DA:635,3
DA:636,1
DA:646,1
DA:647,1
DA:649,1
DA:656,1
DA:657,1
DA:659,0
DA:665,0
DA:672,0
DA:673,0
DA:678,0
DA:679,0
DA:680,0
DA:683,0
DA:684,0
DA:688,0
DA:690,0
DA:696,0
DA:702,0
DA:703,0
DA:708,0
DA:709,0
DA:710,0
DA:713,0
DA:714,0
DA:718,0
DA:720,1
DA:726,1
DA:734,1
DA:740,3
DA:741,1
DA:742,1
DA:743,1
DA:747,0
DA:752,2
LF:248
LH:173
end_of_record
TN:
SF:/home/solarw/MyData/work/hyperion/netcom/protocols/xauth/src/connection_data.rs
FN:27,ConnectionData::new
FN:41,ConnectionData::touch
FN:46,ConnectionData::start_outbound_auth
FN:54,ConnectionData::start_inbound_auth
FN:62,ConnectionData::set_outbound_auth_success
FN:68,ConnectionData::set_inbound_auth_success
FN:74,ConnectionData::set_outbound_auth_failed
FN:80,ConnectionData::set_inbound_auth_failed
FN:86,ConnectionData::get_combined_state
FN:109,ConnectionData::check_timeout
FN:152,ConnectionData::get_metadata
FN:160,ConnectionData::is_fully_authenticated
FN:167,ConnectionData::is_some_failed
FN:173,ConnectionData::is_outbound_not_started
FNF:14
FNDA:1,ConnectionData::new
FNDA:1,ConnectionData::touch
FNDA:1,ConnectionData::start_outbound_auth
FNDA:1,ConnectionData::start_inbound_auth
FNDA:1,ConnectionData::set_outbound_auth_success
FNDA:1,ConnectionData::set_inbound_auth_success
FNDA:1,ConnectionData::set_outbound_auth_failed
FNDA:1,ConnectionData::set_inbound_auth_failed
FNDA:1,ConnectionData::get_combined_state
FNDA:1,ConnectionData::check_timeout
FNDA:1,ConnectionData::get_metadata
FNDA:1,ConnectionData::is_fully_authenticated
FNDA:1,ConnectionData::is_some_failed
FNDA:1,ConnectionData::is_outbound_not_started
DA:27,1
DA:28,2
DA:41,1
DA:42,1
DA:46,1
DA:47,2
DA:48,1
DA:50,1
DA:54,1
DA:55,2
DA:56,1
DA:58,1
DA:62,1
DA:63,2
DA:64,1
DA:68,1
DA:69,2
DA:70,1
DA:74,1
DA:75,2
DA:76,1
DA:80,1
DA:81,2
DA:82,1
DA:86,1
DA:87,4
DA:89,1
DA:90,1
DA:93,1
DA:94,1
DA:98,1
DA:99,0
DA:100,0
DA:104,1
DA:109,1
DA:110,1
DA:113,1
DA:114,1
DA:115,1
DA:119,1
DA:122,1
DA:123,1
DA:124,1
DA:128,1
DA:132,1
DA:136,2
DA:137,1
DA:138,1
DA:139,0
DA:140,1
DA:141,0
DA:142,1
DA:143,0
DA:144,2
DA:145,0
DA:147,1
DA:152,1
DA:153,1
DA:154,1
DA:155,1
DA:160,1
DA:161,1
DA:162,2
DA:167,1
DA:168,1
DA:169,1
DA:173,1
DA:174,1
LF:68
LH:62
end_of_record
TN:
SF:/home/solarw/MyData/work/hyperion/netcom/protocols/xauth/src/por.rs
FN:14,public_key_serde::serialize
FN:24,public_key_serde::deserialize
FN:34,public_key_serde::deserialize::<impl Visitor for PublicKeyVisitor>::expecting
FN:38,public_key_serde::deserialize::<impl Visitor for PublicKeyVisitor>::visit_bytes
FN:46,public_key_serde::deserialize::<impl Visitor for PublicKeyVisitor>::visit_seq
FN:101,por::ProofOfRepresentation::create
FN:136,por::ProofOfRepresentation::create_with_times
FN:167,por::ProofOfRepresentation::validate
FN:190,por::ProofOfRepresentation::verify_signature
FN:208,por::ProofOfRepresentation::prepare_message_for_signing
FN:233,por::ProofOfRepresentation::is_expired
FN:243,por::ProofOfRepresentation::remaining_time
FN:262,por::PorUtils::generate_owner_keypair
FN:267,por::PorUtils::keypair_from_bytes
FN:273,por::PorUtils::peer_id_from_keypair
FNF:15
FNDA:2,public_key_serde::serialize
FNDA:1,public_key_serde::deserialize
FNDA:0,public_key_serde::deserialize::<impl Visitor for PublicKeyVisitor>::expecting
FNDA:1,public_key_serde::deserialize::<impl Visitor for PublicKeyVisitor>::visit_bytes
FNDA:0,public_key_serde::deserialize::<impl Visitor for PublicKeyVisitor>::visit_seq
FNDA:11,por::ProofOfRepresentation::create
FNDA:6,por::ProofOfRepresentation::create_with_times
FNDA:7,por::ProofOfRepresentation::validate
FNDA:3,por::ProofOfRepresentation::verify_signature
FNDA:8,por::ProofOfRepresentation::prepare_message_for_signing
FNDA:1,por::ProofOfRepresentation::is_expired
FNDA:1,por::ProofOfRepresentation::remaining_time
FNDA:16,por::PorUtils::generate_owner_keypair
FNDA:1,por::PorUtils::keypair_from_bytes
FNDA:8,por::PorUtils::peer_id_from_keypair
DA:14,2
DA:19,2
DA:21,2
DA:24,1
DA:31,0
DA:34,0
DA:35,0
DA:38,1
DA:42,1
DA:43,1
DA:46,0
DA:51,0
DA:52,0
DA:53,0
DA:56,0
DA:57,0
DA:62,1
DA:101,11
DA:107,20
DA:108,10
DA:109,10
DA:113,10
DA:116,8
DA:119,10
DA:122,10
DA:123,21
DA:124,10
DA:126,10
DA:136,6
DA:143,6
DA:146,5
DA:150,6
DA:151,12
DA:152,6
DA:154,6
DA:167,7
DA:169,14
DA:170,7
DA:171,7
DA:174,7
DA:175,2
DA:178,6
DA:179,3
DA:183,4
DA:190,3
DA:193,5
DA:194,4
DA:195,5
DA:196,5
DA:200,12
DA:201,4
DA:203,2
DA:208,8
DA:215,10
DA:218,9
DA:219,19
DA:222,10
DA:223,18
DA:226,11
DA:227,14
DA:229,15
DA:233,1
DA:234,2
DA:235,1
DA:236,1
DA:239,1
DA:243,1
DA:244,2
DA:245,1
DA:246,1
DA:249,3
DA:250,1
DA:252,2
DA:262,16
DA:263,16
DA:267,1
DA:268,1
DA:269,1
DA:273,8
DA:274,8
LF:80
LH:71
end_of_record
